\BOOKMARK [0][-]{chapter*.3}{Agradecimientos}{}% 1
\BOOKMARK [0][-]{chapter*.4}{Resumen}{}% 2
\BOOKMARK [0][-]{chapter*.5}{Abstract}{}% 3
\BOOKMARK [0][-]{chapter.1}{Introducci\363n}{}% 4
\BOOKMARK [1][-]{section.1.1}{Contexto y Motivaci\363n}{chapter.1}% 5
\BOOKMARK [1][-]{section.1.2}{Definici\363n del problema}{chapter.1}% 6
\BOOKMARK [1][-]{section.1.3}{Justificaci\363n}{chapter.1}% 7
\BOOKMARK [1][-]{section.1.4}{Objetivos}{chapter.1}% 8
\BOOKMARK [1][-]{section.1.5}{Organizaci\363n de la tesis}{chapter.1}% 9
\BOOKMARK [0][-]{chapter.2}{Marco te\363rico y Antecedentes }{}% 10
\BOOKMARK [0][-]{chapter.3}{Formalismos y/o teor\355a propuesta}{}% 11
\BOOKMARK [1][-]{section.3.1}{Instalaci\363n de LaTeX}{chapter.3}% 12
\BOOKMARK [0][-]{chapter.4}{Experimentaci\363n o evaluaci\363n emp\355rica}{}% 13
\BOOKMARK [1][-]{section.4.1}{Notaci\363n Matem\341tica}{chapter.4}% 14
\BOOKMARK [0][-]{chapter.5}{Resultados y/o Evaluaciones}{}% 15
\BOOKMARK [1][-]{section.5.1}{Conclusiones}{chapter.5}% 16
\BOOKMARK [1][-]{section.5.2}{Contribuciones}{chapter.5}% 17
\BOOKMARK [1][-]{section.5.3}{Trabajo futuro}{chapter.5}% 18
\BOOKMARK [0][-]{appendix.Alph1}{Formato de la plantilla}{}% 19
\BOOKMARK [1][-]{section.Alph1.1}{Datos de la tesis}{appendix.Alph1}% 20
\BOOKMARK [1][-]{section.Alph1.2}{Generar de la tesis}{appendix.Alph1}% 21
\BOOKMARK [0][-]{appendix.Alph2}{Archivos Incluidos}{}% 22
\BOOKMARK [0][-]{appendix.Alph2}{Bibliograf\355a}{}% 23
